   Compiling proc-macro2 v1.0.106
   Compiling quote v1.0.45
   Compiling unicode-ident v1.0.24
   Compiling version_check v0.9.5
   Compiling serde_core v1.0.228
   Compiling generic-array v0.14.7
   Compiling syn v1.0.109
   Compiling serde v1.0.228
   Compiling zmij v1.0.21
   Compiling thiserror v1.0.69
   Compiling serde_json v1.0.149
   Compiling typenum v1.20.0
   Compiling syn v2.0.117
   Compiling crypto-common v0.1.7
   Compiling block-buffer v0.10.4
   Compiling digest v0.10.7
   Compiling cpufeatures v0.2.17
   Compiling cfg-if v1.0.4
   Compiling sha2 v0.10.9
   Compiling libc v0.2.186
   Compiling semver v1.0.28
   Compiling rustc_version v0.4.1
   Compiling equivalent v1.0.2
   Compiling hashbrown v0.17.1
   Compiling winnow v1.0.2
   Compiling jobserver v0.1.34
   Compiling indexmap v2.14.0
   Compiling toml_parser v1.1.2+spec-1.1.0
   Compiling autocfg v1.5.0
   Compiling once_cell v1.21.4
   Compiling find-msvc-tools v0.1.9
   Compiling shlex v1.3.0
   Compiling toml_datetime v1.1.1+spec-1.1.0
   Compiling toml_edit v0.25.11+spec-1.1.0
   Compiling cc v1.2.62
   Compiling zerocopy v0.8.48
   Compiling serde_derive v1.0.228
   Compiling thiserror-impl v1.0.69
   Compiling proc-macro-crate v3.5.0
   Compiling hybrid-array v0.4.12
   Compiling ahash v0.8.12
   Compiling ahash v0.7.8
   Compiling rustversion v1.0.22
   Compiling feature-probe v0.1.1
   Compiling bv v0.11.1
   Compiling borsh-derive-internal v0.10.4
   Compiling solana-frozen-abi-macro v1.18.26
   Compiling cmov v0.5.3
   Compiling cfg_aliases v0.2.1
   Compiling borsh v1.6.1
   Compiling ctutils v0.4.2
   Compiling toml v0.5.11
   Compiling blake3 v1.8.5
   Compiling block-buffer v0.12.0
   Compiling crypto-common v0.2.1
   Compiling proc-macro-crate v0.1.5
   Compiling memoffset v0.9.1
   Compiling num-traits v0.2.19
   Compiling borsh-schema-derive-internal v0.9.3
   Compiling borsh-schema-derive-internal v0.10.4
   Compiling borsh-derive-internal v0.9.3
   Compiling solana-frozen-abi v1.18.26
   Compiling borsh-derive v1.6.1
   Compiling hashbrown v0.13.2
   Compiling borsh-derive v0.10.4
   Compiling borsh-derive v0.9.3
   Compiling digest v0.11.3
   Compiling hashbrown v0.11.2
   Compiling solana-program v1.18.26
   Compiling bytemuck_derive v1.10.2
   Compiling serde_bytes v0.11.19
   Compiling arrayref v0.3.9
   Compiling lazy_static v1.5.0
   Compiling bs58 v0.4.0
   Compiling itoa v1.0.18
   Compiling memchr v2.8.0
   Compiling either v1.15.0
   Compiling keccak v0.1.6
   Compiling constant_time_eq v0.4.2
   Compiling arrayvec v0.7.6
   Compiling log v0.4.29
   Compiling sha3 v0.10.9
   Compiling itertools v0.10.5
   Compiling solana-sdk-macro v1.18.26
   Compiling borsh v0.9.3
   Compiling bytemuck v1.25.0
   Compiling borsh v0.10.4
   Compiling bincode v1.3.3
   Compiling num-derive v0.4.2
   Compiling getrandom v0.2.17
   Compiling anyhow v1.0.102
   Compiling unicode-segmentation v1.13.2
   Compiling heck v0.3.3
   Compiling base64 v0.21.7
   Compiling bs58 v0.5.1
   Compiling spl-discriminator-syn v0.2.1
   Compiling spl-program-error-derive v0.4.1
   Compiling anchor-syn v0.30.1
   Compiling spl-discriminator-derive v0.2.0
   Compiling num_enum_derive v0.7.6
   Compiling allocator-api2 v0.2.21
   Compiling foldhash v0.1.5
   Compiling hashbrown v0.15.2
   Compiling anchor-lang-idl-spec v0.1.0
   Compiling anchor-lang-idl v0.1.2
   Compiling num_enum v0.7.6
   Compiling solana-security-txt v1.1.2
   Compiling anchor-derive-space v0.30.1
   Compiling assert_matches v1.5.0
   Compiling solana-zk-token-sdk v1.18.26
   Compiling spl-program-error v0.4.4
   Compiling spl-discriminator v0.2.5
   Compiling spl-token v4.0.3
   Compiling spl-pod v0.2.5
   Compiling spl-type-length-value v0.4.6
   Compiling spl-tlv-account-resolution v0.6.5
   Compiling spl-token-metadata-interface v0.3.5
   Compiling spl-transfer-hook-interface v0.6.5
   Compiling spl-token-group-interface v0.2.5
   Compiling spl-memo v4.0.4
   Compiling spl-token-2022 v3.0.5
   Compiling anchor-attribute-error v0.30.1
   Compiling anchor-attribute-access-control v0.30.1
   Compiling anchor-derive-accounts v0.30.1
   Compiling anchor-attribute-account v0.30.1
   Compiling anchor-attribute-event v0.30.1
   Compiling anchor-derive-serde v0.30.1
   Compiling anchor-attribute-constant v0.30.1
   Compiling spl-associated-token-account v3.0.4
   Compiling anchor-attribute-program v0.30.1
   Compiling anchor-lang v0.30.1
   Compiling anchor-spl v0.30.1
   Compiling remitsol v0.1.0 (/home/faizan/dev/remitsol/programs/remitsol)
error[E0255]: the name `Transfer` is defined multiple times
  --> programs/remitsol/src/lib.rs:66:1
   |
2  | use anchor_spl::token::{self, Token, TokenAccount, Transfer, Mint};
   |                                                    -------- previous import of the type `Transfer` here
...
66 | pub struct Transfer {
   | ^^^^^^^^^^^^^^^^^^^ `Transfer` redefined here
   |
   = note: `Transfer` must be defined only once in the type namespace of this module
help: you can use `as` to change the binding name of the import
   |
2  | use anchor_spl::token::{self, Token, TokenAccount, Transfer as OtherTransfer, Mint};
   |                                                             ++++++++++++++++

error[E0726]: implicit elided lifetime not allowed here
  --> programs/remitsol/src/lib.rs:66:12
   |
66 | pub struct Transfer {
   |            ^^^^^^^^ expected lifetime parameter
   |
help: indicate the anonymous lifetime
   |
66 | pub struct Transfer<'_> {
   |                    ++++

error[E0726]: implicit elided lifetime not allowed here
  --> programs/remitsol/src/lib.rs:65:1
   |
65 | #[account]
   | ^^^^^^^^^^ expected lifetime parameter
   |
help: indicate the anonymous lifetime
   |
65 | #[account]<'_>
   |           ++++

error[E0106]: missing lifetime specifier
  --> programs/remitsol/src/lib.rs:88:34
   |
88 |     pub transfer: Account<'info, Transfer>,
   |                                  ^^^^^^^^ expected named lifetime parameter
   |
help: consider using the `'info` lifetime
   |
88 |     pub transfer: Account<'info, Transfer<'info>>,
   |                                          +++++++

error[E0106]: missing lifetime specifier
   --> programs/remitsol/src/lib.rs:111:34
    |
111 |     pub transfer: Account<'info, Transfer>,
    |                                  ^^^^^^^^ expected named lifetime parameter
    |
help: consider using the `'info` lifetime
    |
111 |     pub transfer: Account<'info, Transfer<'info>>,
    |                                          +++++++

warning: unexpected `cfg` condition value: `custom-heap`
 --> programs/remitsol/src/lib.rs:6:1
  |
6 | #[program]
  | ^^^^^^^^^^
  |
  = note: expected values for `feature` are: `cpi`, `default`, `idl-build`, `no-entrypoint`, `no-idl`, and `no-log-ix-name`
  = note: using a cfg inside a macro will use the cfgs from the destination crate and not the ones from the defining crate
  = help: try referring to `$crate::custom_heap_default` crate for guidance on how handle this unexpected cfg
  = help: the macro `$crate::custom_heap_default` may come from an old version of the `solana_program` crate, try updating your dependency with `cargo update -p solana_program`
  = note: see <https://doc.rust-lang.org/nightly/rustc/check-cfg/cargo-specifics.html> for more information about checking conditional configuration
  = note: `#[warn(unexpected_cfgs)]` on by default
  = note: this warning originates in the macro `$crate::custom_heap_default` which comes from the expansion of the attribute macro `program` (in Nightly builds, run with -Z macro-backtrace for more info)

warning: unexpected `cfg` condition value: `custom-panic`
 --> programs/remitsol/src/lib.rs:6:1
  |
6 | #[program]
  | ^^^^^^^^^^
  |
  = note: expected values for `feature` are: `cpi`, `default`, `idl-build`, `no-entrypoint`, `no-idl`, and `no-log-ix-name`
  = note: using a cfg inside a macro will use the cfgs from the destination crate and not the ones from the defining crate
  = help: try referring to `$crate::custom_panic_default` crate for guidance on how handle this unexpected cfg
  = help: the macro `$crate::custom_panic_default` may come from an old version of the `solana_program` crate, try updating your dependency with `cargo update -p solana_program`
  = note: see <https://doc.rust-lang.org/nightly/rustc/check-cfg/cargo-specifics.html> for more information about checking conditional configuration
  = note: this warning originates in the macro `$crate::custom_panic_default` which comes from the expansion of the attribute macro `program` (in Nightly builds, run with -Z macro-backtrace for more info)

warning: unexpected `cfg` condition value: `anchor-debug`
 --> programs/remitsol/src/lib.rs:6:1
  |
6 | #[program]
  | ^^^^^^^^^^
  |
  = note: expected values for `feature` are: `cpi`, `default`, `idl-build`, `no-entrypoint`, `no-idl`, and `no-log-ix-name`
  = note: using a cfg inside a attribute macro will use the cfgs from the destination crate and not the ones from the defining crate
  = help: try referring to `program` crate for guidance on how handle this unexpected cfg
  = help: the attribute macro `program` may come from an old version of the `anchor_attribute_program` crate, try updating your dependency with `cargo update -p anchor_attribute_program`
  = note: see <https://doc.rust-lang.org/nightly/rustc/check-cfg/cargo-specifics.html> for more information about checking conditional configuration
  = note: this warning originates in the attribute macro `program` (in Nightly builds, run with -Z macro-backtrace for more info)

warning: unexpected `cfg` condition value: `anchor-debug`
 --> programs/remitsol/src/lib.rs:6:1
  |
6 | #[program]
  | ^^^^^^^^^^
  |
  = note: expected values for `feature` are: `cpi`, `default`, `idl-build`, `no-entrypoint`, `no-idl`, and `no-log-ix-name`
  = note: using a cfg inside a derive macro will use the cfgs from the destination crate and not the ones from the defining crate
  = help: try referring to `Accounts` crate for guidance on how handle this unexpected cfg
  = help: the derive macro `Accounts` may come from an old version of the `anchor_derive_accounts` crate, try updating your dependency with `cargo update -p anchor_derive_accounts`
  = note: see <https://doc.rust-lang.org/nightly/rustc/check-cfg/cargo-specifics.html> for more information about checking conditional configuration
  = note: this warning originates in the derive macro `Accounts` (in Nightly builds, run with -Z macro-backtrace for more info)

warning: unexpected `cfg` condition value: `anchor-debug`
  --> programs/remitsol/src/lib.rs:76:10
   |
76 | #[derive(Accounts)]
   |          ^^^^^^^^
   |
   = note: expected values for `feature` are: `cpi`, `default`, `idl-build`, `no-entrypoint`, `no-idl`, and `no-log-ix-name`
   = note: using a cfg inside a derive macro will use the cfgs from the destination crate and not the ones from the defining crate
   = help: try referring to `Accounts` crate for guidance on how handle this unexpected cfg
   = help: the derive macro `Accounts` may come from an old version of the `anchor_derive_accounts` crate, try updating your dependency with `cargo update -p anchor_derive_accounts`
   = note: see <https://doc.rust-lang.org/nightly/rustc/check-cfg/cargo-specifics.html> for more information about checking conditional configuration
   = note: this warning originates in the derive macro `Accounts` (in Nightly builds, run with -Z macro-backtrace for more info)

warning: unexpected `cfg` condition value: `anchor-debug`
   --> programs/remitsol/src/lib.rs:106:10
    |
106 | #[derive(Accounts)]
    |          ^^^^^^^^
    |
    = note: expected values for `feature` are: `cpi`, `default`, `idl-build`, `no-entrypoint`, `no-idl`, and `no-log-ix-name`
    = note: using a cfg inside a derive macro will use the cfgs from the destination crate and not the ones from the defining crate
    = help: try referring to `Accounts` crate for guidance on how handle this unexpected cfg
    = help: the derive macro `Accounts` may come from an old version of the `anchor_derive_accounts` crate, try updating your dependency with `cargo update -p anchor_derive_accounts`
    = note: see <https://doc.rust-lang.org/nightly/rustc/check-cfg/cargo-specifics.html> for more information about checking conditional configuration
    = note: this warning originates in the derive macro `Accounts` (in Nightly builds, run with -Z macro-backtrace for more info)

error[E0560]: struct `anchor_spl::token::Transfer<'_>` has no field named `sender`
  --> programs/remitsol/src/lib.rs:67:5
   |
67 |     pub sender: Pubkey,
   |     ^^^^^^^^^^^^^^^^^^ `anchor_spl::token::Transfer<'_>` does not have this field
   |
   = note: all struct fields are already assigned

error[E0560]: struct `anchor_spl::token::Transfer<'_>` has no field named `claim_code_hash`
  --> programs/remitsol/src/lib.rs:68:5
   |
68 |     pub claim_code_hash: [u8; 32],
   |     ^^^^^^^^^^^^^^^^^^^^^^^^^^^^^ `anchor_spl::token::Transfer<'_>` does not have this field
   |
   = note: all struct fields are already assigned

error[E0560]: struct `anchor_spl::token::Transfer<'_>` has no field named `amount`
  --> programs/remitsol/src/lib.rs:69:5
   |
69 |     pub amount: u64,
   |     ^^^^^^^^^^^^^^^ `anchor_spl::token::Transfer<'_>` does not have this field
   |
   = note: all struct fields are already assigned

error[E0560]: struct `anchor_spl::token::Transfer<'_>` has no field named `mint`
  --> programs/remitsol/src/lib.rs:70:5
   |
70 |     pub mint: Pubkey,
   |     ^^^^^^^^^^^^^^^^ `anchor_spl::token::Transfer<'_>` does not have this field
   |
   = note: all struct fields are already assigned

error[E0560]: struct `anchor_spl::token::Transfer<'_>` has no field named `claimed`
  --> programs/remitsol/src/lib.rs:71:5
   |
71 |     pub claimed: bool,
   |     ^^^^^^^^^^^^^^^^^ `anchor_spl::token::Transfer<'_>` does not have this field
   |
   = note: all struct fields are already assigned

error[E0560]: struct `anchor_spl::token::Transfer<'_>` has no field named `created_at`
  --> programs/remitsol/src/lib.rs:72:5
   |
72 |     pub created_at: i64,
   |     ^^^^^^^^^^^^^^^^^^^ `anchor_spl::token::Transfer<'_>` does not have this field
   |
   = note: all struct fields are already assigned

error[E0560]: struct `anchor_spl::token::Transfer<'_>` has no field named `bump`
  --> programs/remitsol/src/lib.rs:73:5
   |
73 |     pub bump: u8,
   |     ^^^^^^^^^^^^ `anchor_spl::token::Transfer<'_>` does not have this field
   |
   = note: all struct fields are already assigned

Some errors have detailed explanations: E0106, E0255, E0560, E0726.
For more information about an error, try `rustc --explain E0106`.
warning: `remitsol` (lib) generated 11 warnings (5 duplicates)
error: could not compile `remitsol` (lib) due to 12 previous errors; 11 warnings emitted
